<?xml version="1.0" encoding="UTF-8"?>
<testng-results ignored="0" total="1" passed="1" failed="0" skipped="0">
  <reporter-output>
  </reporter-output>
  <suite started-at="2024-06-24T15:29:08 IST" name="inetBankingv2" finished-at="2024-06-24T15:29:22 IST" duration-ms="14325">
    <groups>
    </groups>
    <test started-at="2024-06-24T15:29:08 IST" name="BankingApp Test" finished-at="2024-06-24T15:29:22 IST" duration-ms="14325">
      <class name="com.inetBankingV.testCases.TC_EditCustomer_004">
        <test-method is-config="true" signature="setUp(java.lang.String)[pri:0, instance:com.inetBankingV.testCases.TC_EditCustomer_004@4470fbd6]" started-at="2024-06-24T15:29:08 IST" name="setUp" finished-at="2024-06-24T15:29:12 IST" duration-ms="3891" status="PASS">
          <params>
            <param index="0">
              <value>
                <![CDATA[chrome]]>
              </value>
            </param>
          </params>
          <reporter-output>
          </reporter-output>
        </test-method> <!-- setUp -->
        <test-method signature="editCustomer()[pri:0, instance:com.inetBankingV.testCases.TC_EditCustomer_004@4470fbd6]" started-at="2024-06-24T15:29:12 IST" name="editCustomer" finished-at="2024-06-24T15:29:21 IST" duration-ms="9344" status="PASS">
          <reporter-output>
          </reporter-output>
        </test-method> <!-- editCustomer -->
        <test-method is-config="true" signature="tearDown()[pri:0, instance:com.inetBankingV.testCases.TC_EditCustomer_004@4470fbd6]" started-at="2024-06-24T15:29:21 IST" name="tearDown" finished-at="2024-06-24T15:29:22 IST" duration-ms="1020" status="PASS">
          <reporter-output>
          </reporter-output>
        </test-method> <!-- tearDown -->
      </class> <!-- com.inetBankingV.testCases.TC_EditCustomer_004 -->
    </test> <!-- BankingApp Test -->
  </suite> <!-- inetBankingv2 -->
</testng-results>
