<?xml version="1.0" encoding="UTF-8"?>
<!-- Generated by org.testng.reporters.JUnitXMLReporter -->
<testsuite ignored="0" hostname="DESKTOP-6CO4DGA" failures="0" tests="2" name="BankingApp Test" time="28.437" errors="0" timestamp="2024-06-22T17:44:14 IST">
  <testcase classname="com.inetBankingV.testCases.TC_LoginTest_001" name="loginTest" time="5.455"/>
  <testcase classname="com.inetBankingV.testCases.TC_AddNewCostomer_003" name="addnewCustomer" time="12.517"/>
</testsuite> <!-- BankingApp Test -->
